<?xml version="1.0" encoding="UTF-8"?>
<!-- Generated by org.testng.reporters.JUnitXMLReporter -->
<testsuite hostname="SMARUDH-IN-LE01" ignored="0" name="Login Test Birst" tests="1" failures="1" timestamp="24 Aug 2018 05:52:10 GMT" time="64.091" errors="0">
  <testcase name="feature" time="63.346" classname="com.trimble.taf.suite.tests.base.TestRunner">
    <failure type="cucumber.runtime.CucumberException" message="java.lang.AssertionError: Include Inactive drivers are displayed correctly expected [true] but found [false]">
      <![CDATA[cucumber.runtime.CucumberException: java.lang.AssertionError: Include Inactive drivers are displayed correctly expected [true] but found [false]
at cucumber.api.testng.TestNGCucumberRunner.runCucumber(TestNGCucumberRunner.java:69)
at com.trimble.taf.suite.tests.base.TestRunner.feature(TestRunner.java:45)
at java.util.concurrent.FutureTask.run(FutureTask.java:266)
at java.util.concurrent.ThreadPoolExecutor.runWorker(ThreadPoolExecutor.java:1149)
at java.util.concurrent.ThreadPoolExecutor$Worker.run(ThreadPoolExecutor.java:624)
at java.lang.Thread.run(Thread.java:748)
Caused by: java.lang.AssertionError: Include Inactive drivers are displayed correctly expected [true] but found [false]
at com.trimble.birst.tests.CombinedScorecardsteps.verifyIncludeinactiveDriverdisplayed(CombinedScorecardsteps.java:91)
at ✽.Then I verified  Include inactive Drivers are displayed(seperatedScorecard.feature:57)
... Removed 19 stack frames]]>
    </failure>
  </testcase> <!-- feature -->
</testsuite> <!-- Login Test Birst -->
