<?xml version="1.0" encoding="UTF-8"?>
<!-- Generated by org.testng.reporters.JUnitXMLReporter -->
<testsuite hostname="SMARUDH-IN-LE01" ignored="0" name="Login Test Birst" tests="1" failures="1" timestamp="31 Aug 2018 10:22:15 GMT" time="92.841" errors="0">
  <testcase name="feature" time="84.857" classname="com.trimble.taf.suite.tests.base.TestRunner">
    <failure type="cucumber.runtime.CucumberException" message="java.lang.AssertionError: Include Inactive drivers are displayed correctly expected [true] but found [false]">
      <![CDATA[cucumber.runtime.CucumberException: java.lang.AssertionError: Include Inactive drivers are displayed correctly expected [true] but found [false]
at cucumber.api.testng.TestNGCucumberRunner.runCucumber(TestNGCucumberRunner.java:69)
at com.trimble.taf.suite.tests.base.TestRunner.feature(TestRunner.java:76)
Caused by: java.lang.AssertionError: Include Inactive drivers are displayed correctly expected [true] but found [false]
at com.trimble.birst.tests.CombinedScorecardsteps.verifyIncludeinactiveDriverdisplayed(CombinedScorecardsteps.java:92)
at ✽.Then I verified  Include inactive Drivers are displayed(src/test/java/com/trimble/features/seperatedScorecard.feature:37)
... Removed 28 stack frames]]>
    </failure>
  </testcase> <!-- feature -->
</testsuite> <!-- Login Test Birst -->
