<?xml version="1.0" encoding="UTF-8"?>
<!-- Generated by org.testng.reporters.JUnitXMLReporter -->
<testsuite hostname="SMARUDH-IN-LE01" ignored="0" name="Login Test Birst" tests="6" failures="2" timestamp="10 Sep 2018 10:16:32 GMT" time="742.55" errors="0">
  <testcase name="feature" time="146.92" classname="com.trimble.taf.suite.tests.base.TestRunner">
    <failure type="cucumber.runtime.CucumberException" message="java.lang.AssertionError: DUMP TRUCKS DE data&amp;apos;s is not displayed correctly">
      <![CDATA[cucumber.runtime.CucumberException: java.lang.AssertionError: DUMP TRUCKS DE data's is not displayed correctly
at cucumber.api.testng.TestNGCucumberRunner.runCucumber(TestNGCucumberRunner.java:69)
at com.trimble.taf.suite.tests.base.TestRunner.feature(TestRunner.java:78)
Caused by: java.lang.AssertionError: DUMP TRUCKS DE data's is not displayed correctly
at com.trimble.taf.pagefactory.application.CombinedScorecardPage.verifyDumptrucksTextdisplayed(CombinedScorecardPage.java:261)
at com.trimble.birst.tests.CombinedScorecardsteps.verifyDumptruckDatadisplayed(CombinedScorecardsteps.java:113)
at ✽.Then I verified DUMP TRUCKS DE data is displayed in the table(src/test/java/com/trimble/features/combinedScorecard.feature:46)
... Removed 26 stack frames]]>
    </failure>
  </testcase> <!-- feature -->
  <testcase name="feature" time="102.245" classname="com.trimble.taf.suite.tests.base.TestRunner"/>
  <testcase name="feature" time="85.694" classname="com.trimble.taf.suite.tests.base.TestRunner"/>
  <testcase name="feature" time="150.409" classname="com.trimble.taf.suite.tests.base.TestRunner">
    <failure type="cucumber.runtime.CucumberException" message="java.lang.AssertionError: Events Per kilometer is matched correctly expected [Events Per Kilometer] but found [Events Per Mile]">
      <![CDATA[cucumber.runtime.CucumberException: java.lang.AssertionError: Events Per kilometer is matched correctly expected [Events Per Kilometer] but found [Events Per Mile]
at cucumber.api.testng.TestNGCucumberRunner.runCucumber(TestNGCucumberRunner.java:69)
at com.trimble.taf.suite.tests.base.TestRunner.feature(TestRunner.java:78)
Caused by: java.lang.AssertionError: Events Per kilometer is matched correctly expected [Events Per Kilometer] but found [Events Per Mile]
at com.trimble.birst.tests.IndividualSafetyScorecardsteps.verifyKilometerchanged(IndividualSafetyScorecardsteps.java:161)
at ✽.Then I verified Kilometer Text has been changed(src/test/java/com/trimble/features/individualScorecard.feature:56)
... Removed 30 stack frames]]>
    </failure>
  </testcase> <!-- feature -->
  <testcase name="feature" time="131.507" classname="com.trimble.taf.suite.tests.base.TestRunner"/>
  <testcase name="feature" time="84.501" classname="com.trimble.taf.suite.tests.base.TestRunner"/>
</testsuite> <!-- Login Test Birst -->
