<?xml version="1.0" encoding="UTF-8"?>
<!-- Generated by org.testng.reporters.JUnitXMLReporter -->
<testsuite hostname="SMARUDH-IN-LE01" ignored="0" name="Login Test Birst" tests="1" failures="1" timestamp="01 Oct 2018 12:03:01 GMT" time="151.994" errors="0">
  <testcase name="feature" time="142.966" classname="com.trimble.taf.suite.tests.base.TestRunner">
    <failure type="cucumber.runtime.CucumberException" message="java.lang.AssertionError: null">
      <![CDATA[cucumber.runtime.CucumberException: java.lang.AssertionError: null
at cucumber.api.testng.TestNGCucumberRunner.runCucumber(TestNGCucumberRunner.java:69)
at com.trimble.taf.suite.tests.base.TestRunner.feature(TestRunner.java:92)
Caused by: java.lang.AssertionError: null
at com.trimble.taf.pagefactory.application.MostDangerousLocationsPage.checkTotaleventsValue(MostDangerousLocationsPage.java:179)
at com.trimble.birst.tests.MostDangerousLocationsTestSteps.verifyTotaleventsValue(MostDangerousLocationsTestSteps.java:83)
at ✽.Then I changed the time period to last month in the Most Dangerous Locations Report(src/test/java/com/trimble/features/MostDangerousLocations.feature:17)
... Removed 28 stack frames]]>
    </failure>
  </testcase> <!-- feature -->
</testsuite> <!-- Login Test Birst -->
