<?xml version="1.0" encoding="UTF-8"?>
<!-- Generated by org.testng.reporters.JUnitXMLReporter -->
<testsuite hostname="SMARUDH-IN-LE01" ignored="0" name="Login Test Birst" tests="1" failures="1" timestamp="31 Aug 2018 12:25:09 GMT" time="224.415" errors="0">
  <testcase name="feature" time="216.343" classname="com.trimble.taf.suite.tests.base.TestRunner">
    <failure type="cucumber.runtime.CucumberException" message="java.lang.AssertionError: Last 30Days Text filter is matched correctly expected [null] but found [= Last 30 days]">
      <![CDATA[cucumber.runtime.CucumberException: java.lang.AssertionError: Last 30Days Text filter is matched correctly expected [null] but found [= Last 30 days]
at cucumber.api.testng.TestNGCucumberRunner.runCucumber(TestNGCucumberRunner.java:69)
at com.trimble.taf.suite.tests.base.TestRunner.feature(TestRunner.java:78)
Caused by: java.lang.AssertionError: Last 30Days Text filter is matched correctly expected [null] but found [= Last 30 days]
at com.trimble.birst.tests.IndividualSafetyScorecardsteps.verifyDatefilterSettings(IndividualSafetyScorecardsteps.java:83)
at ✽.Then I verified the Date filter settings is displayed correctly(src/test/java/com/trimble/features/individualScorecard.feature:18)
... Removed 30 stack frames]]>
    </failure>
  </testcase> <!-- feature -->
</testsuite> <!-- Login Test Birst -->
