<?xml version="1.0" encoding="UTF-8"?>
<!-- Generated by org.testng.reporters.JUnitXMLReporter -->
<testsuite hostname="SMARUDH-IN-LE01" ignored="0" name="Login Test Birst" tests="1" failures="1" timestamp="20 Sep 2018 11:01:01 GMT" time="167.483" errors="0">
  <testcase name="feature" time="159.324" classname="com.trimble.taf.suite.tests.base.TestRunner">
    <failure type="cucumber.runtime.CucumberException" message="java.lang.AssertionError: expected [true] but found [false]">
      <![CDATA[cucumber.runtime.CucumberException: java.lang.AssertionError: expected [true] but found [false]
at cucumber.api.testng.TestNGCucumberRunner.runCucumber(TestNGCucumberRunner.java:69)
at com.trimble.taf.suite.tests.base.TestRunner.feature(TestRunner.java:90)
Caused by: java.lang.AssertionError: expected [true] but found [false]
at com.trimble.birst.tests.MostDangerousLocationsTestSteps.verifyMapdashLet(MostDangerousLocationsTestSteps.java:90)
at ✽.Then I verified Map Dashlet show proper distribution of Driver events spread(src/test/java/com/trimble/features/MostDangerousLocations.feature:17)
... Removed 29 stack frames]]>
    </failure>
  </testcase> <!-- feature -->
</testsuite> <!-- Login Test Birst -->
