<?xml version="1.0" encoding="UTF-8"?>
<!-- Generated by org.testng.reporters.JUnitXMLReporter -->
<testsuite hostname="PSAH-IN-LE02" name="Default test" tests="2" failures="0" timestamp="3 Jul 2018 10:00:28 GMT" time="0.041" errors="0">
  <testcase name="@BeforeMethod GoToHomePage" time="0.0" classname="com.trimble.birst.tests.ExecutiveConsoleTests">
    <failure type="java.lang.NullPointerException">
      <![CDATA[java.lang.NullPointerException
	at com.trimble.taf.suite.tests.base.BaseTest.setUpDriver(BaseTest.java:72)
	at com.trimble.taf.suite.tests.base.BaseTest.GoToHomePage(BaseTest.java:145)
	at sun.reflect.NativeMethodAccessorImpl.invoke0(Native Method)
	at sun.reflect.NativeMethodAccessorImpl.invoke(NativeMethodAccessorImpl.java:62)
	at sun.reflect.DelegatingMethodAccessorImpl.invoke(DelegatingMethodAccessorImpl.java:43)
	at java.lang.reflect.Method.invoke(Method.java:498)
	at org.testng.internal.MethodInvocationHelper.invokeMethod(MethodInvocationHelper.java:84)
	at org.testng.internal.Invoker.invokeConfigurationMethod(Invoker.java:564)
	at org.testng.internal.Invoker.invokeConfigurations(Invoker.java:213)
	at org.testng.internal.Invoker.invokeMethod(Invoker.java:653)
	at org.testng.internal.Invoker.invokeTestMethod(Invoker.java:901)
	at org.testng.internal.Invoker.invokeTestMethods(Invoker.java:1231)
	at org.testng.internal.TestMethodWorker.invokeTestMethods(TestMethodWorker.java:127)
	at org.testng.internal.TestMethodWorker.run(TestMethodWorker.java:111)
	at org.testng.TestRunner.privateRun(TestRunner.java:767)
	at org.testng.TestRunner.run(TestRunner.java:617)
	at org.testng.SuiteRunner.runTest(SuiteRunner.java:348)
	at org.testng.SuiteRunner.runSequentially(SuiteRunner.java:343)
	at org.testng.SuiteRunner.privateRun(SuiteRunner.java:305)
	at org.testng.SuiteRunner.run(SuiteRunner.java:254)
	at org.testng.SuiteRunnerWorker.runSuite(SuiteRunnerWorker.java:52)
	at org.testng.SuiteRunnerWorker.run(SuiteRunnerWorker.java:86)
	at org.testng.TestNG.runSuitesSequentially(TestNG.java:1224)
	at org.testng.TestNG.runSuitesLocally(TestNG.java:1149)
	at org.testng.TestNG.run(TestNG.java:1057)
	at org.testng.remote.AbstractRemoteTestNG.run(AbstractRemoteTestNG.java:114)
	at org.testng.remote.RemoteTestNG.initAndRun(RemoteTestNG.java:251)
	at org.testng.remote.RemoteTestNG.main(RemoteTestNG.java:77)
]]>
    </failure>
  </testcase> <!-- @BeforeMethod GoToHomePage -->
  <testcase name="@AfterMethod generateReport" time="0.0" classname="com.trimble.birst.tests.ExecutiveConsoleTests">
    <skipped/>
  </testcase> <!-- @AfterMethod generateReport -->
  <testcase name="@BeforeMethod GoToHomePage" time="0.0" classname="com.trimble.birst.tests.ExecutiveConsoleTests">
    <skipped/>
  </testcase> <!-- @BeforeMethod GoToHomePage -->
  <testcase name="@AfterMethod generateReport" time="0.0" classname="com.trimble.birst.tests.ExecutiveConsoleTests">
    <skipped/>
  </testcase> <!-- @AfterMethod generateReport -->
  <testcase name="@AfterTest endReport" time="0.0" classname="com.trimble.birst.tests.ExecutiveConsoleTests">
    <skipped/>
  </testcase> <!-- @AfterTest endReport -->
  <testcase name="verifyDefaultorganization" time="0.001" classname="com.trimble.birst.tests.ExecutiveConsoleTests">
    <skipped/>
  </testcase> <!-- verifyDefaultorganization -->
  <testcase name="verifyExecutiveconsoleOverallscoreinASC" time="0.001" classname="com.trimble.birst.tests.ExecutiveConsoleTests">
    <skipped/>
  </testcase> <!-- verifyExecutiveconsoleOverallscoreinASC -->
</testsuite> <!-- Default test -->
