<?xml version="1.0" encoding="UTF-8"?>
<testng-results skipped="0" failed="0" ignored="0" total="1" passed="1">
  <reporter-output>
    <line>
      <![CDATA[My Spaces page is displayed correctly]]>
    </line>
    <line>
      <![CDATA[Driver safety page is displayed correctly]]>
    </line>
    <line>
      <![CDATA[Report exported successfully]]>
    </line>
    <line>
      <![CDATA[Default Seperate Scorecard Group Name is DOVER]]>
    </line>
    <line>
      <![CDATA[Driver Safety Color coded is displayed correctly]]>
    </line>
  </reporter-output>
  <suite name="Functional Testing" duration-ms="124536" started-at="2018-09-07T12:33:23Z" finished-at="2018-09-07T12:35:27Z">
    <groups>
      <group name="cucumber">
        <method signature="TestRunner.feature(cucumber.api.testng.CucumberFeatureWrapper)[pri:0, instance:com.trimble.taf.suite.tests.base.TestRunner@58134517]" name="feature" class="com.trimble.taf.suite.tests.base.TestRunner"/>
      </group> <!-- cucumber -->
    </groups>
    <test name="Login Test Birst" duration-ms="124536" started-at="2018-09-07T12:33:23Z" finished-at="2018-09-07T12:35:27Z">
      <class name="com.trimble.taf.suite.tests.base.TestRunner">
        <test-method status="PASS" signature="setUpClass()[pri:0, instance:com.trimble.taf.suite.tests.base.TestRunner@58134517]" name="setUpClass" is-config="true" duration-ms="341" started-at="2018-09-07T12:33:23Z" finished-at="2018-09-07T12:33:23Z">
          <reporter-output>
          </reporter-output>
        </test-method> <!-- setUpClass -->
        <test-method status="PASS" signature="driversetUp()[pri:0, instance:com.trimble.taf.suite.tests.base.TestRunner@58134517]" name="driversetUp" is-config="true" duration-ms="6668" started-at="2018-09-07T12:33:23Z" finished-at="2018-09-07T12:33:30Z">
          <reporter-output>
          </reporter-output>
        </test-method> <!-- driversetUp -->
        <test-method status="PASS" signature="feature(cucumber.api.testng.CucumberFeatureWrapper)[pri:0, instance:com.trimble.taf.suite.tests.base.TestRunner@58134517]" name="feature" duration-ms="116157" started-at="2018-09-07T12:33:30Z" description="Runs Cucumber Feature" data-provider="features" finished-at="2018-09-07T12:35:26Z">
          <params>
            <param index="0">
              <value>
                <![CDATA[Seperated Scorecard Report]]>
              </value>
            </param>
          </params>
          <reporter-output>
            <line>
              <![CDATA[My Spaces page is displayed correctly]]>
            </line>
            <line>
              <![CDATA[Driver safety page is displayed correctly]]>
            </line>
            <line>
              <![CDATA[Report exported successfully]]>
            </line>
            <line>
              <![CDATA[Default Seperate Scorecard Group Name is DOVER]]>
            </line>
            <line>
              <![CDATA[Driver Safety Color coded is displayed correctly]]>
            </line>
          </reporter-output>
        </test-method> <!-- feature -->
        <test-method status="PASS" signature="tear()[pri:0, instance:com.trimble.taf.suite.tests.base.TestRunner@58134517]" name="tear" is-config="true" duration-ms="844" started-at="2018-09-07T12:35:26Z" finished-at="2018-09-07T12:35:27Z">
          <reporter-output>
          </reporter-output>
        </test-method> <!-- tear -->
        <test-method status="PASS" signature="tearDownClass()[pri:0, instance:com.trimble.taf.suite.tests.base.TestRunner@58134517]" name="tearDownClass" is-config="true" duration-ms="385" started-at="2018-09-07T12:35:27Z" finished-at="2018-09-07T12:35:27Z">
          <reporter-output>
          </reporter-output>
        </test-method> <!-- tearDownClass -->
      </class> <!-- com.trimble.taf.suite.tests.base.TestRunner -->
    </test> <!-- Login Test Birst -->
  </suite> <!-- Functional Testing -->
</testng-results>
