<?xml version="1.0" encoding="UTF-8"?>
<testng-results skipped="0" failed="0" ignored="0" total="2" passed="2">
  <reporter-output>
    <line>
      <![CDATA[My Spaces page is displayed correctly]]>
    </line>
    <line>
      <![CDATA[Driver safety page is displayed correctly]]>
    </line>
    <line>
      <![CDATA[Last 30Days filter is displayed correctly]]>
    </line>
    <line>
      <![CDATA[Last 30Days Text filter is matched correctly]]>
    </line>
    <line>
      <![CDATA[Exective Console Page is displayed correctly]]>
    </line>
    <line>
      <![CDATA[Exective Console Page is displayed correctly]]>
    </line>
    <line>
      <![CDATA[Last 30Days filter is displayed correctly]]>
    </line>
    <line>
      <![CDATA[Start Date filter is displayed correctly]]>
    </line>
    <line>
      <![CDATA[End Date filter is displayed correctly]]>
    </line>
    <line>
      <![CDATA[Last 30Days filter is displayed correctly]]>
    </line>
    <line>
      <![CDATA[Start Date filter is displayed correctly]]>
    </line>
    <line>
      <![CDATA[End Date filter is displayed correctly]]>
    </line>
    <line>
      <![CDATA[Last 30Days filter is displayed correctly]]>
    </line>
    <line>
      <![CDATA[Start Date filter is displayed correctly]]>
    </line>
    <line>
      <![CDATA[End Date filter is displayed correctly]]>
    </line>
    <line>
      <![CDATA[Last 30Days filter is displayed correctly]]>
    </line>
    <line>
      <![CDATA[Start Date filter is displayed correctly]]>
    </line>
    <line>
      <![CDATA[End Date filter is displayed correctly]]>
    </line>
    <line>
      <![CDATA[Exective Console Page is displayed correctly]]>
    </line>
    <line>
      <![CDATA[Trimble logo & Banner is displayed correctly]]>
    </line>
    <line>
      <![CDATA[Trimble logo & Banner is displayed correctly]]>
    </line>
    <line>
      <![CDATA[Exective Console Page is displayed correctly]]>
    </line>
    <line>
      <![CDATA[Last 30Days filter is displayed correctly]]>
    </line>
    <line>
      <![CDATA[Start Date filter is displayed correctly]]>
    </line>
    <line>
      <![CDATA[End Date filter is displayed correctly]]>
    </line>
    <line>
      <![CDATA[Last 30Days Text filter is matched correctly]]>
    </line>
    <line>
      <![CDATA[Start Date text is displayed correctly]]>
    </line>
    <line>
      <![CDATA[END Date text is displayed correctly]]>
    </line>
    <line>
      <![CDATA[My Spaces page is displayed correctly]]>
    </line>
    <line>
      <![CDATA[Driver safety page is displayed correctly]]>
    </line>
    <line>
      <![CDATA[Exective Console Page is displayed correctly]]>
    </line>
    <line>
      <![CDATA[Overallscore is displayed in ascending order correctly]]>
    </line>
    <line>
      <![CDATA[Exective Console Page is displayed correctly]]>
    </line>
    <line>
      <![CDATA[Default Organization Allen Myers is displayed correctly]]>
    </line>
    <line>
      <![CDATA[Exective Console Page is displayed correctly]]>
    </line>
    <line>
      <![CDATA[Exective Console Page is displayed correctly]]>
    </line>
    <line>
      <![CDATA[Exective Console Page is displayed correctly]]>
    </line>
    <line>
      <![CDATA[Exective Console Page is displayed correctly]]>
    </line>
    <line>
      <![CDATA[Exective Console Page is displayed correctly]]>
    </line>
    <line>
      <![CDATA[Exective Console Page is displayed correctly]]>
    </line>
    <line>
      <![CDATA[PDF is exported correctly]]>
    </line>
    <line>
      <![CDATA[PDF is exported correctly]]>
    </line>
  </reporter-output>
  <suite name="Functional Testing" duration-ms="336777" started-at="2018-10-11T11:05:40Z" finished-at="2018-10-11T11:11:17Z">
    <groups>
      <group name="cucumber">
        <method signature="TestRunner.feature(cucumber.api.testng.CucumberFeatureWrapper)[pri:0, instance:com.trimble.taf.suite.tests.base.TestRunner@58134517]" name="feature" class="com.trimble.taf.suite.tests.base.TestRunner"/>
      </group> <!-- cucumber -->
    </groups>
    <test name="Login Test Birst" duration-ms="336777" started-at="2018-10-11T11:05:40Z" finished-at="2018-10-11T11:11:17Z">
      <class name="com.trimble.taf.suite.tests.base.TestRunner">
        <test-method status="PASS" signature="setUpClass()[pri:0, instance:com.trimble.taf.suite.tests.base.TestRunner@58134517]" name="setUpClass" is-config="true" duration-ms="333" started-at="2018-10-11T11:05:40Z" finished-at="2018-10-11T11:05:40Z">
          <reporter-output>
          </reporter-output>
        </test-method> <!-- setUpClass -->
        <test-method status="PASS" signature="driversetUp()[pri:0, instance:com.trimble.taf.suite.tests.base.TestRunner@58134517]" name="driversetUp" is-config="true" duration-ms="8641" started-at="2018-10-11T11:05:41Z" finished-at="2018-10-11T11:05:49Z">
          <reporter-output>
          </reporter-output>
        </test-method> <!-- driversetUp -->
        <test-method status="PASS" signature="feature(cucumber.api.testng.CucumberFeatureWrapper)[pri:0, instance:com.trimble.taf.suite.tests.base.TestRunner@58134517]" name="feature" duration-ms="133869" started-at="2018-10-11T11:05:49Z" description="Runs Cucumber Feature" data-provider="features" finished-at="2018-10-11T11:08:03Z">
          <params>
            <param index="0">
              <value>
                <![CDATA[Common Tests]]>
              </value>
            </param>
          </params>
          <reporter-output>
            <line>
              <![CDATA[My Spaces page is displayed correctly]]>
            </line>
            <line>
              <![CDATA[Driver safety page is displayed correctly]]>
            </line>
            <line>
              <![CDATA[Last 30Days filter is displayed correctly]]>
            </line>
            <line>
              <![CDATA[Last 30Days Text filter is matched correctly]]>
            </line>
            <line>
              <![CDATA[Exective Console Page is displayed correctly]]>
            </line>
            <line>
              <![CDATA[Exective Console Page is displayed correctly]]>
            </line>
            <line>
              <![CDATA[Last 30Days filter is displayed correctly]]>
            </line>
            <line>
              <![CDATA[Start Date filter is displayed correctly]]>
            </line>
            <line>
              <![CDATA[End Date filter is displayed correctly]]>
            </line>
            <line>
              <![CDATA[Last 30Days filter is displayed correctly]]>
            </line>
            <line>
              <![CDATA[Start Date filter is displayed correctly]]>
            </line>
            <line>
              <![CDATA[End Date filter is displayed correctly]]>
            </line>
            <line>
              <![CDATA[Last 30Days filter is displayed correctly]]>
            </line>
            <line>
              <![CDATA[Start Date filter is displayed correctly]]>
            </line>
            <line>
              <![CDATA[End Date filter is displayed correctly]]>
            </line>
            <line>
              <![CDATA[Last 30Days filter is displayed correctly]]>
            </line>
            <line>
              <![CDATA[Start Date filter is displayed correctly]]>
            </line>
            <line>
              <![CDATA[End Date filter is displayed correctly]]>
            </line>
            <line>
              <![CDATA[Exective Console Page is displayed correctly]]>
            </line>
            <line>
              <![CDATA[Trimble logo & Banner is displayed correctly]]>
            </line>
            <line>
              <![CDATA[Trimble logo & Banner is displayed correctly]]>
            </line>
            <line>
              <![CDATA[Exective Console Page is displayed correctly]]>
            </line>
            <line>
              <![CDATA[Last 30Days filter is displayed correctly]]>
            </line>
            <line>
              <![CDATA[Start Date filter is displayed correctly]]>
            </line>
            <line>
              <![CDATA[End Date filter is displayed correctly]]>
            </line>
            <line>
              <![CDATA[Last 30Days Text filter is matched correctly]]>
            </line>
            <line>
              <![CDATA[Start Date text is displayed correctly]]>
            </line>
            <line>
              <![CDATA[END Date text is displayed correctly]]>
            </line>
          </reporter-output>
        </test-method> <!-- feature -->
        <test-method status="PASS" signature="tear()[pri:0, instance:com.trimble.taf.suite.tests.base.TestRunner@58134517]" name="tear" is-config="true" duration-ms="2967" started-at="2018-10-11T11:08:03Z" finished-at="2018-10-11T11:08:06Z">
          <reporter-output>
          </reporter-output>
        </test-method> <!-- tear -->
        <test-method status="PASS" signature="driversetUp()[pri:0, instance:com.trimble.taf.suite.tests.base.TestRunner@58134517]" name="driversetUp" is-config="true" duration-ms="6588" started-at="2018-10-11T11:08:06Z" finished-at="2018-10-11T11:08:13Z">
          <reporter-output>
          </reporter-output>
        </test-method> <!-- driversetUp -->
        <test-method status="PASS" signature="feature(cucumber.api.testng.CucumberFeatureWrapper)[pri:0, instance:com.trimble.taf.suite.tests.base.TestRunner@58134517]" name="feature" duration-ms="180737" started-at="2018-10-11T11:08:13Z" description="Runs Cucumber Feature" data-provider="features" finished-at="2018-10-11T11:11:13Z">
          <params>
            <param index="0">
              <value>
                <![CDATA[Executive Console]]>
              </value>
            </param>
          </params>
          <reporter-output>
            <line>
              <![CDATA[My Spaces page is displayed correctly]]>
            </line>
            <line>
              <![CDATA[Driver safety page is displayed correctly]]>
            </line>
            <line>
              <![CDATA[Exective Console Page is displayed correctly]]>
            </line>
            <line>
              <![CDATA[Overallscore is displayed in ascending order correctly]]>
            </line>
            <line>
              <![CDATA[Exective Console Page is displayed correctly]]>
            </line>
            <line>
              <![CDATA[Default Organization Allen Myers is displayed correctly]]>
            </line>
            <line>
              <![CDATA[Exective Console Page is displayed correctly]]>
            </line>
            <line>
              <![CDATA[Exective Console Page is displayed correctly]]>
            </line>
            <line>
              <![CDATA[Exective Console Page is displayed correctly]]>
            </line>
            <line>
              <![CDATA[Exective Console Page is displayed correctly]]>
            </line>
            <line>
              <![CDATA[Exective Console Page is displayed correctly]]>
            </line>
            <line>
              <![CDATA[Exective Console Page is displayed correctly]]>
            </line>
            <line>
              <![CDATA[PDF is exported correctly]]>
            </line>
            <line>
              <![CDATA[PDF is exported correctly]]>
            </line>
          </reporter-output>
        </test-method> <!-- feature -->
        <test-method status="PASS" signature="tear()[pri:0, instance:com.trimble.taf.suite.tests.base.TestRunner@58134517]" name="tear" is-config="true" duration-ms="2951" started-at="2018-10-11T11:11:13Z" finished-at="2018-10-11T11:11:16Z">
          <reporter-output>
          </reporter-output>
        </test-method> <!-- tear -->
        <test-method status="PASS" signature="tearDownClass()[pri:0, instance:com.trimble.taf.suite.tests.base.TestRunner@58134517]" name="tearDownClass" is-config="true" duration-ms="539" started-at="2018-10-11T11:11:16Z" finished-at="2018-10-11T11:11:17Z">
          <reporter-output>
          </reporter-output>
        </test-method> <!-- tearDownClass -->
      </class> <!-- com.trimble.taf.suite.tests.base.TestRunner -->
    </test> <!-- Login Test Birst -->
  </suite> <!-- Functional Testing -->
</testng-results>
