<?xml version="1.0" encoding="UTF-8"?>
<testng-results skipped="0" failed="1" ignored="0" total="1" passed="0">
  <reporter-output>
    <line>
      <![CDATA[My Spaces page is displayed correctly]]>
    </line>
    <line>
      <![CDATA[Driver safety page is displayed correctly]]>
    </line>
    <line>
      <![CDATA[Last 30Days filter is displayed correctly]]>
    </line>
    <line>
      <![CDATA[Last 30Days Text filter is matched correctly]]>
    </line>
    <line>
      <![CDATA[Both the text are same and verified successfully]]>
    </line>
  </reporter-output>
  <suite name="Functional Testing" duration-ms="151994" started-at="2018-10-01T12:00:29Z" finished-at="2018-10-01T12:03:01Z">
    <groups>
      <group name="cucumber">
        <method signature="TestRunner.feature(cucumber.api.testng.CucumberFeatureWrapper)[pri:0, instance:com.trimble.taf.suite.tests.base.TestRunner@58134517]" name="feature" class="com.trimble.taf.suite.tests.base.TestRunner"/>
      </group> <!-- cucumber -->
    </groups>
    <test name="Login Test Birst" duration-ms="151994" started-at="2018-10-01T12:00:29Z" finished-at="2018-10-01T12:03:01Z">
      <class name="com.trimble.taf.suite.tests.base.TestRunner">
        <test-method status="PASS" signature="setUpClass()[pri:0, instance:com.trimble.taf.suite.tests.base.TestRunner@58134517]" name="setUpClass" is-config="true" duration-ms="263" started-at="2018-10-01T12:00:29Z" finished-at="2018-10-01T12:00:29Z">
          <reporter-output>
          </reporter-output>
        </test-method> <!-- setUpClass -->
        <test-method status="PASS" signature="driversetUp()[pri:0, instance:com.trimble.taf.suite.tests.base.TestRunner@58134517]" name="driversetUp" is-config="true" duration-ms="7378" started-at="2018-10-01T12:00:29Z" finished-at="2018-10-01T12:00:37Z">
          <reporter-output>
          </reporter-output>
        </test-method> <!-- driversetUp -->
        <test-method status="FAIL" signature="feature(cucumber.api.testng.CucumberFeatureWrapper)[pri:0, instance:com.trimble.taf.suite.tests.base.TestRunner@58134517]" name="feature" duration-ms="142966" started-at="2018-10-01T12:00:37Z" description="Runs Cucumber Feature" data-provider="features" finished-at="2018-10-01T12:03:00Z">
          <params>
            <param index="0">
              <value>
                <![CDATA[Most Dangerous Locations Report]]>
              </value>
            </param>
          </params>
          <exception class="cucumber.runtime.CucumberException">
            <message>
              <![CDATA[java.lang.AssertionError: null]]>
            </message>
            <full-stacktrace>
              <![CDATA[cucumber.runtime.CucumberException: java.lang.AssertionError: null
at cucumber.api.testng.TestNGCucumberRunner.runCucumber(TestNGCucumberRunner.java:69)
at com.trimble.taf.suite.tests.base.TestRunner.feature(TestRunner.java:92)
at sun.reflect.NativeMethodAccessorImpl.invoke0(Native Method)
at sun.reflect.NativeMethodAccessorImpl.invoke(NativeMethodAccessorImpl.java:62)
at sun.reflect.DelegatingMethodAccessorImpl.invoke(DelegatingMethodAccessorImpl.java:43)
at java.lang.reflect.Method.invoke(Method.java:498)
at org.testng.internal.MethodInvocationHelper.invokeMethod(MethodInvocationHelper.java:124)
at org.testng.internal.Invoker.invokeMethod(Invoker.java:583)
at org.testng.internal.Invoker.invokeTestMethod(Invoker.java:719)
at org.testng.internal.Invoker.invokeTestMethods(Invoker.java:989)
at org.testng.internal.TestMethodWorker.invokeTestMethods(TestMethodWorker.java:125)
at org.testng.internal.TestMethodWorker.run(TestMethodWorker.java:109)
at org.testng.TestRunner.privateRun(TestRunner.java:648)
at org.testng.TestRunner.run(TestRunner.java:505)
at org.testng.SuiteRunner.runTest(SuiteRunner.java:455)
at org.testng.SuiteRunner.runSequentially(SuiteRunner.java:450)
at org.testng.SuiteRunner.privateRun(SuiteRunner.java:415)
at org.testng.SuiteRunner.run(SuiteRunner.java:364)
at org.testng.SuiteRunnerWorker.runSuite(SuiteRunnerWorker.java:52)
at org.testng.SuiteRunnerWorker.run(SuiteRunnerWorker.java:84)
at org.testng.TestNG.runSuitesSequentially(TestNG.java:1208)
at org.testng.TestNG.runSuitesLocally(TestNG.java:1137)
at org.testng.TestNG.runSuites(TestNG.java:1049)
at org.testng.TestNG.run(TestNG.java:1017)
at org.testng.remote.AbstractRemoteTestNG.run(AbstractRemoteTestNG.java:114)
at org.testng.remote.RemoteTestNG.initAndRun(RemoteTestNG.java:251)
at org.testng.remote.RemoteTestNG.main(RemoteTestNG.java:77)
Caused by: java.lang.AssertionError: null
at org.testng.Assert.fail(Assert.java:96)
at org.testng.Assert.assertNotEquals(Assert.java:1157)
at org.testng.Assert.assertNotEquals(Assert.java:1162)
at com.trimble.taf.pagefactory.application.MostDangerousLocationsPage.checkTotaleventsValue(MostDangerousLocationsPage.java:179)
at com.trimble.birst.tests.MostDangerousLocationsTestSteps.verifyTotaleventsValue(MostDangerousLocationsTestSteps.java:83)
at ✽.Then I changed the time period to last month in the Most Dangerous Locations Report(src/test/java/com/trimble/features/MostDangerousLocations.feature:17)
]]>
            </full-stacktrace>
          </exception> <!-- cucumber.runtime.CucumberException -->
          <reporter-output>
            <line>
              <![CDATA[My Spaces page is displayed correctly]]>
            </line>
            <line>
              <![CDATA[Driver safety page is displayed correctly]]>
            </line>
            <line>
              <![CDATA[Last 30Days filter is displayed correctly]]>
            </line>
            <line>
              <![CDATA[Last 30Days Text filter is matched correctly]]>
            </line>
            <line>
              <![CDATA[Both the text are same and verified successfully]]>
            </line>
          </reporter-output>
        </test-method> <!-- feature -->
        <test-method status="PASS" signature="tear()[pri:0, instance:com.trimble.taf.suite.tests.base.TestRunner@58134517]" name="tear" is-config="true" duration-ms="884" started-at="2018-10-01T12:03:00Z" finished-at="2018-10-01T12:03:01Z">
          <reporter-output>
          </reporter-output>
        </test-method> <!-- tear -->
        <test-method status="PASS" signature="tearDownClass()[pri:0, instance:com.trimble.taf.suite.tests.base.TestRunner@58134517]" name="tearDownClass" is-config="true" duration-ms="372" started-at="2018-10-01T12:03:01Z" finished-at="2018-10-01T12:03:01Z">
          <reporter-output>
          </reporter-output>
        </test-method> <!-- tearDownClass -->
      </class> <!-- com.trimble.taf.suite.tests.base.TestRunner -->
    </test> <!-- Login Test Birst -->
  </suite> <!-- Functional Testing -->
</testng-results>
