<?xml version="1.0" encoding="UTF-8"?>
<testng-results skipped="0" failed="0" ignored="0" total="1" passed="1">
  <reporter-output>
    <line>
      <![CDATA[My Spaces page is displayed correctly]]>
    </line>
    <line>
      <![CDATA[Driver safety page is displayed correctly]]>
    </line>
    <line>
      <![CDATA[Supervisor Console successfully opened]]>
    </line>
    <line>
      <![CDATA[Overallscore is displayed in ascending order correctly]]>
    </line>
    <line>
      <![CDATA[PDF is exported correctly]]>
    </line>
    <line>
      <![CDATA[PDF is exported correctly]]>
    </line>
  </reporter-output>
  <suite name="Functional Testing" duration-ms="114331" started-at="2018-09-12T11:02:01Z" finished-at="2018-09-12T11:03:55Z">
    <groups>
      <group name="cucumber">
        <method signature="TestRunner.feature(cucumber.api.testng.CucumberFeatureWrapper)[pri:0, instance:com.trimble.taf.suite.tests.base.TestRunner@58134517]" name="feature" class="com.trimble.taf.suite.tests.base.TestRunner"/>
      </group> <!-- cucumber -->
    </groups>
    <test name="Login Test Birst" duration-ms="114331" started-at="2018-09-12T11:02:01Z" finished-at="2018-09-12T11:03:55Z">
      <class name="com.trimble.taf.suite.tests.base.TestRunner">
        <test-method status="PASS" signature="setUpClass()[pri:0, instance:com.trimble.taf.suite.tests.base.TestRunner@58134517]" name="setUpClass" is-config="true" duration-ms="531" started-at="2018-09-12T11:02:01Z" finished-at="2018-09-12T11:02:01Z">
          <reporter-output>
          </reporter-output>
        </test-method> <!-- setUpClass -->
        <test-method status="PASS" signature="driversetUp()[pri:0, instance:com.trimble.taf.suite.tests.base.TestRunner@58134517]" name="driversetUp" is-config="true" duration-ms="8976" started-at="2018-09-12T11:02:02Z" finished-at="2018-09-12T11:02:11Z">
          <reporter-output>
          </reporter-output>
        </test-method> <!-- driversetUp -->
        <test-method status="PASS" signature="feature(cucumber.api.testng.CucumberFeatureWrapper)[pri:0, instance:com.trimble.taf.suite.tests.base.TestRunner@58134517]" name="feature" duration-ms="103583" started-at="2018-09-12T11:02:11Z" description="Runs Cucumber Feature" data-provider="features" finished-at="2018-09-12T11:03:54Z">
          <params>
            <param index="0">
              <value>
                <![CDATA[Supervisor Console Report]]>
              </value>
            </param>
          </params>
          <reporter-output>
            <line>
              <![CDATA[My Spaces page is displayed correctly]]>
            </line>
            <line>
              <![CDATA[Driver safety page is displayed correctly]]>
            </line>
            <line>
              <![CDATA[Supervisor Console successfully opened]]>
            </line>
            <line>
              <![CDATA[Overallscore is displayed in ascending order correctly]]>
            </line>
            <line>
              <![CDATA[PDF is exported correctly]]>
            </line>
            <line>
              <![CDATA[PDF is exported correctly]]>
            </line>
          </reporter-output>
        </test-method> <!-- feature -->
        <test-method status="PASS" signature="tear()[pri:0, instance:com.trimble.taf.suite.tests.base.TestRunner@58134517]" name="tear" is-config="true" duration-ms="739" started-at="2018-09-12T11:03:54Z" finished-at="2018-09-12T11:03:55Z">
          <reporter-output>
          </reporter-output>
        </test-method> <!-- tear -->
        <test-method status="PASS" signature="tearDownClass()[pri:0, instance:com.trimble.taf.suite.tests.base.TestRunner@58134517]" name="tearDownClass" is-config="true" duration-ms="340" started-at="2018-09-12T11:03:55Z" finished-at="2018-09-12T11:03:55Z">
          <reporter-output>
          </reporter-output>
        </test-method> <!-- tearDownClass -->
      </class> <!-- com.trimble.taf.suite.tests.base.TestRunner -->
    </test> <!-- Login Test Birst -->
  </suite> <!-- Functional Testing -->
</testng-results>
