<?xml version="1.0" encoding="UTF-8"?>
<testng-results skipped="0" failed="0" ignored="0" total="1" passed="1">
  <reporter-output>
    <line>
      <![CDATA[My Spaces page is displayed correctly]]>
    </line>
    <line>
      <![CDATA[Driver safety page is displayed correctly]]>
    </line>
    <line>
      <![CDATA[Last 30Days filter is displayed correctly]]>
    </line>
    <line>
      <![CDATA[Last 30Days Text filter is matched correctly]]>
    </line>
    <line>
      <![CDATA[My Spaces page is displayed correctly]]>
    </line>
    <line>
      <![CDATA[Driver safety page is displayed correctly]]>
    </line>
    <line>
      <![CDATA[Exective Console Page is displayed correctly]]>
    </line>
    <line>
      <![CDATA[Last 30Days filter is displayed correctly]]>
    </line>
    <line>
      <![CDATA[Start Date filter is displayed correctly]]>
    </line>
    <line>
      <![CDATA[End Date filter is displayed correctly]]>
    </line>
    <line>
      <![CDATA[Last 30Days filter is displayed correctly]]>
    </line>
    <line>
      <![CDATA[Start Date filter is displayed correctly]]>
    </line>
    <line>
      <![CDATA[End Date filter is displayed correctly]]>
    </line>
    <line>
      <![CDATA[Last 30Days filter is displayed correctly]]>
    </line>
    <line>
      <![CDATA[Start Date filter is displayed correctly]]>
    </line>
    <line>
      <![CDATA[End Date filter is displayed correctly]]>
    </line>
    <line>
      <![CDATA[Last 30Days filter is displayed correctly]]>
    </line>
    <line>
      <![CDATA[Start Date filter is displayed correctly]]>
    </line>
    <line>
      <![CDATA[End Date filter is displayed correctly]]>
    </line>
    <line>
      <![CDATA[My Spaces page is displayed correctly]]>
    </line>
    <line>
      <![CDATA[Driver safety page is displayed correctly]]>
    </line>
    <line>
      <![CDATA[Exective Console Page is displayed correctly]]>
    </line>
    <line>
      <![CDATA[Trimble logo & Banner is displayed correctly]]>
    </line>
    <line>
      <![CDATA[Trimble logo & Banner is displayed correctly]]>
    </line>
    <line>
      <![CDATA[My Spaces page is displayed correctly]]>
    </line>
    <line>
      <![CDATA[Driver safety page is displayed correctly]]>
    </line>
    <line>
      <![CDATA[Exective Console Page is displayed correctly]]>
    </line>
    <line>
      <![CDATA[Last 30Days filter is displayed correctly]]>
    </line>
    <line>
      <![CDATA[Start Date filter is displayed correctly]]>
    </line>
    <line>
      <![CDATA[End Date filter is displayed correctly]]>
    </line>
    <line>
      <![CDATA[Last 30Days Text filter is matched correctly]]>
    </line>
    <line>
      <![CDATA[Start Date text is displayed correctly]]>
    </line>
    <line>
      <![CDATA[END Date text is displayed correctly]]>
    </line>
  </reporter-output>
  <suite name="Functional Testing" duration-ms="273286" started-at="2018-07-05T06:19:15Z" finished-at="2018-07-05T06:23:49Z">
    <groups>
      <group name="cucumber">
        <method signature="TestRunner.feature(cucumber.api.testng.CucumberFeatureWrapper)[pri:0, instance:com.trimble.taf.suite.tests.base.TestRunner@5383967b]" name="feature" class="com.trimble.taf.suite.tests.base.TestRunner"/>
      </group> <!-- cucumber -->
    </groups>
    <test name="Login Test Birst" duration-ms="273286" started-at="2018-07-05T06:19:15Z" finished-at="2018-07-05T06:23:49Z">
      <class name="com.trimble.taf.suite.tests.base.TestRunner">
        <test-method status="PASS" signature="setUpClass()[pri:0, instance:com.trimble.taf.suite.tests.base.TestRunner@5383967b]" name="setUpClass" is-config="true" duration-ms="274" started-at="2018-07-05T06:19:15Z" finished-at="2018-07-05T06:19:16Z">
          <reporter-output>
          </reporter-output>
        </test-method> <!-- setUpClass -->
        <test-method status="PASS" signature="feature(cucumber.api.testng.CucumberFeatureWrapper)[pri:0, instance:com.trimble.taf.suite.tests.base.TestRunner@5383967b]" name="feature" duration-ms="272560" started-at="2018-07-05T06:19:16Z" description="Runs Cucumber Feature" data-provider="features" finished-at="2018-07-05T06:23:48Z">
          <params>
            <param index="0">
              <value>
                <![CDATA[Common Tests]]>
              </value>
            </param>
          </params>
          <reporter-output>
            <line>
              <![CDATA[My Spaces page is displayed correctly]]>
            </line>
            <line>
              <![CDATA[Driver safety page is displayed correctly]]>
            </line>
            <line>
              <![CDATA[Last 30Days filter is displayed correctly]]>
            </line>
            <line>
              <![CDATA[Last 30Days Text filter is matched correctly]]>
            </line>
            <line>
              <![CDATA[My Spaces page is displayed correctly]]>
            </line>
            <line>
              <![CDATA[Driver safety page is displayed correctly]]>
            </line>
            <line>
              <![CDATA[Exective Console Page is displayed correctly]]>
            </line>
            <line>
              <![CDATA[Last 30Days filter is displayed correctly]]>
            </line>
            <line>
              <![CDATA[Start Date filter is displayed correctly]]>
            </line>
            <line>
              <![CDATA[End Date filter is displayed correctly]]>
            </line>
            <line>
              <![CDATA[Last 30Days filter is displayed correctly]]>
            </line>
            <line>
              <![CDATA[Start Date filter is displayed correctly]]>
            </line>
            <line>
              <![CDATA[End Date filter is displayed correctly]]>
            </line>
            <line>
              <![CDATA[Last 30Days filter is displayed correctly]]>
            </line>
            <line>
              <![CDATA[Start Date filter is displayed correctly]]>
            </line>
            <line>
              <![CDATA[End Date filter is displayed correctly]]>
            </line>
            <line>
              <![CDATA[Last 30Days filter is displayed correctly]]>
            </line>
            <line>
              <![CDATA[Start Date filter is displayed correctly]]>
            </line>
            <line>
              <![CDATA[End Date filter is displayed correctly]]>
            </line>
            <line>
              <![CDATA[My Spaces page is displayed correctly]]>
            </line>
            <line>
              <![CDATA[Driver safety page is displayed correctly]]>
            </line>
            <line>
              <![CDATA[Exective Console Page is displayed correctly]]>
            </line>
            <line>
              <![CDATA[Trimble logo & Banner is displayed correctly]]>
            </line>
            <line>
              <![CDATA[Trimble logo & Banner is displayed correctly]]>
            </line>
            <line>
              <![CDATA[My Spaces page is displayed correctly]]>
            </line>
            <line>
              <![CDATA[Driver safety page is displayed correctly]]>
            </line>
            <line>
              <![CDATA[Exective Console Page is displayed correctly]]>
            </line>
            <line>
              <![CDATA[Last 30Days filter is displayed correctly]]>
            </line>
            <line>
              <![CDATA[Start Date filter is displayed correctly]]>
            </line>
            <line>
              <![CDATA[End Date filter is displayed correctly]]>
            </line>
            <line>
              <![CDATA[Last 30Days Text filter is matched correctly]]>
            </line>
            <line>
              <![CDATA[Start Date text is displayed correctly]]>
            </line>
            <line>
              <![CDATA[END Date text is displayed correctly]]>
            </line>
          </reporter-output>
        </test-method> <!-- feature -->
        <test-method status="PASS" signature="tearDownClass()[pri:0, instance:com.trimble.taf.suite.tests.base.TestRunner@5383967b]" name="tearDownClass" is-config="true" duration-ms="322" started-at="2018-07-05T06:23:48Z" finished-at="2018-07-05T06:23:49Z">
          <reporter-output>
          </reporter-output>
        </test-method> <!-- tearDownClass -->
      </class> <!-- com.trimble.taf.suite.tests.base.TestRunner -->
    </test> <!-- Login Test Birst -->
  </suite> <!-- Functional Testing -->
</testng-results>
