<?xml version="1.0" encoding="UTF-8"?>
<testng-results skipped="0" failed="2" ignored="0" total="6" passed="4">
  <reporter-output>
    <line>
      <![CDATA[My Spaces page is displayed correctly]]>
    </line>
    <line>
      <![CDATA[Driver safety page is displayed correctly]]>
    </line>
    <line>
      <![CDATA[Report exported successfully]]>
    </line>
    <line>
      <![CDATA[Driver Safety Color coded is displayed correctly]]>
    </line>
    <line>
      <![CDATA[My Spaces page is displayed correctly]]>
    </line>
    <line>
      <![CDATA[Driver safety page is displayed correctly]]>
    </line>
    <line>
      <![CDATA[Last 30Days filter is displayed correctly]]>
    </line>
    <line>
      <![CDATA[Last 30Days Text filter is matched correctly]]>
    </line>
    <line>
      <![CDATA[Exective Console Page is displayed correctly]]>
    </line>
    <line>
      <![CDATA[Exective Console Page is displayed correctly]]>
    </line>
    <line>
      <![CDATA[Last 30Days filter is displayed correctly]]>
    </line>
    <line>
      <![CDATA[Start Date filter is displayed correctly]]>
    </line>
    <line>
      <![CDATA[End Date filter is displayed correctly]]>
    </line>
    <line>
      <![CDATA[Last 30Days filter is displayed correctly]]>
    </line>
    <line>
      <![CDATA[Start Date filter is displayed correctly]]>
    </line>
    <line>
      <![CDATA[End Date filter is displayed correctly]]>
    </line>
    <line>
      <![CDATA[Last 30Days filter is displayed correctly]]>
    </line>
    <line>
      <![CDATA[Start Date filter is displayed correctly]]>
    </line>
    <line>
      <![CDATA[End Date filter is displayed correctly]]>
    </line>
    <line>
      <![CDATA[Last 30Days filter is displayed correctly]]>
    </line>
    <line>
      <![CDATA[Start Date filter is displayed correctly]]>
    </line>
    <line>
      <![CDATA[End Date filter is displayed correctly]]>
    </line>
    <line>
      <![CDATA[Exective Console Page is displayed correctly]]>
    </line>
    <line>
      <![CDATA[Trimble logo & Banner is displayed correctly]]>
    </line>
    <line>
      <![CDATA[Trimble logo & Banner is displayed correctly]]>
    </line>
    <line>
      <![CDATA[Exective Console Page is displayed correctly]]>
    </line>
    <line>
      <![CDATA[Last 30Days filter is displayed correctly]]>
    </line>
    <line>
      <![CDATA[Start Date filter is displayed correctly]]>
    </line>
    <line>
      <![CDATA[End Date filter is displayed correctly]]>
    </line>
    <line>
      <![CDATA[Last 30Days Text filter is matched correctly]]>
    </line>
    <line>
      <![CDATA[Start Date text is displayed correctly]]>
    </line>
    <line>
      <![CDATA[END Date text is displayed correctly]]>
    </line>
    <line>
      <![CDATA[My Spaces page is displayed correctly]]>
    </line>
    <line>
      <![CDATA[Driver safety page is displayed correctly]]>
    </line>
    <line>
      <![CDATA[Exective Console Page is displayed correctly]]>
    </line>
    <line>
      <![CDATA[Overallscore is displayed in ascending order correctly]]>
    </line>
    <line>
      <![CDATA[Exective Console Page is displayed correctly]]>
    </line>
    <line>
      <![CDATA[Default Organization Allen Myers is displayed correctly]]>
    </line>
    <line>
      <![CDATA[Exective Console Page is displayed correctly]]>
    </line>
    <line>
      <![CDATA[Exective Console Page is displayed correctly]]>
    </line>
    <line>
      <![CDATA[Exective Console Page is displayed correctly]]>
    </line>
    <line>
      <![CDATA[Exective Console Page is displayed correctly]]>
    </line>
    <line>
      <![CDATA[Exective Console Page is displayed correctly]]>
    </line>
    <line>
      <![CDATA[Exective Console Page is displayed correctly]]>
    </line>
    <line>
      <![CDATA[PDF is exported correctly]]>
    </line>
    <line>
      <![CDATA[PDF is exported correctly]]>
    </line>
    <line>
      <![CDATA[My Spaces page is displayed correctly]]>
    </line>
    <line>
      <![CDATA[Driver safety page is displayed correctly]]>
    </line>
    <line>
      <![CDATA[Individual Scorecard page is displayed correctly]]>
    </line>
    <line>
      <![CDATA[Driver name in Executive console and Individual scorecard matches]]>
    </line>
    <line>
      <![CDATA[Last 30Days Text filter is matched correctly]]>
    </line>
    <line>
      <![CDATA[Start Date text is displayed correctly]]>
    </line>
    <line>
      <![CDATA[END Date text is displayed correctly]]>
    </line>
    <line>
      <![CDATA[Overall Score displayed dashlet is correctly]]>
    </line>
    <line>
      <![CDATA[Total distance KPI value is matched correctly]]>
    </line>
    <line>
      <![CDATA[Idling Duration value is matched correctly]]>
    </line>
    <line>
      <![CDATA[PDF is exported correctly]]>
    </line>
    <line>
      <![CDATA[PDF is exported correctly]]>
    </line>
    <line>
      <![CDATA[My Spaces page is displayed correctly]]>
    </line>
    <line>
      <![CDATA[Driver safety page is displayed correctly]]>
    </line>
    <line>
      <![CDATA[Report exported successfully]]>
    </line>
    <line>
      <![CDATA[Default Seperate Scorecard Group Name is DOVER]]>
    </line>
    <line>
      <![CDATA[Driver Safety Color coded is displayed correctly]]>
    </line>
    <line>
      <![CDATA[My Spaces page is displayed correctly]]>
    </line>
    <line>
      <![CDATA[Driver safety page is displayed correctly]]>
    </line>
    <line>
      <![CDATA[Supervisor Console successfully opened]]>
    </line>
    <line>
      <![CDATA[Overallscore is displayed in ascending order correctly]]>
    </line>
  </reporter-output>
  <suite name="Functional Testing" duration-ms="742550" started-at="2018-09-10T10:04:10Z" finished-at="2018-09-10T10:16:32Z">
    <groups>
      <group name="cucumber">
        <method signature="TestRunner.feature(cucumber.api.testng.CucumberFeatureWrapper)[pri:0, instance:com.trimble.taf.suite.tests.base.TestRunner@58134517]" name="feature" class="com.trimble.taf.suite.tests.base.TestRunner"/>
      </group> <!-- cucumber -->
    </groups>
    <test name="Login Test Birst" duration-ms="742550" started-at="2018-09-10T10:04:10Z" finished-at="2018-09-10T10:16:32Z">
      <class name="com.trimble.taf.suite.tests.base.TestRunner">
        <test-method status="PASS" signature="setUpClass()[pri:0, instance:com.trimble.taf.suite.tests.base.TestRunner@58134517]" name="setUpClass" is-config="true" duration-ms="256" started-at="2018-09-10T10:04:10Z" finished-at="2018-09-10T10:04:10Z">
          <reporter-output>
          </reporter-output>
        </test-method> <!-- setUpClass -->
        <test-method status="PASS" signature="driversetUp()[pri:0, instance:com.trimble.taf.suite.tests.base.TestRunner@58134517]" name="driversetUp" is-config="true" duration-ms="6804" started-at="2018-09-10T10:04:10Z" finished-at="2018-09-10T10:04:17Z">
          <reporter-output>
          </reporter-output>
        </test-method> <!-- driversetUp -->
        <test-method status="FAIL" signature="feature(cucumber.api.testng.CucumberFeatureWrapper)[pri:0, instance:com.trimble.taf.suite.tests.base.TestRunner@58134517]" name="feature" duration-ms="146920" started-at="2018-09-10T10:04:17Z" description="Runs Cucumber Feature" data-provider="features" finished-at="2018-09-10T10:06:44Z">
          <params>
            <param index="0">
              <value>
                <![CDATA[Combined Scorecard Report]]>
              </value>
            </param>
          </params>
          <exception class="cucumber.runtime.CucumberException">
            <message>
              <![CDATA[java.lang.AssertionError: DUMP TRUCKS DE data's is not displayed correctly]]>
            </message>
            <full-stacktrace>
              <![CDATA[cucumber.runtime.CucumberException: java.lang.AssertionError: DUMP TRUCKS DE data's is not displayed correctly
at cucumber.api.testng.TestNGCucumberRunner.runCucumber(TestNGCucumberRunner.java:69)
at com.trimble.taf.suite.tests.base.TestRunner.feature(TestRunner.java:78)
at sun.reflect.NativeMethodAccessorImpl.invoke0(Native Method)
at sun.reflect.NativeMethodAccessorImpl.invoke(NativeMethodAccessorImpl.java:62)
at sun.reflect.DelegatingMethodAccessorImpl.invoke(DelegatingMethodAccessorImpl.java:43)
at java.lang.reflect.Method.invoke(Method.java:498)
at org.testng.internal.MethodInvocationHelper.invokeMethod(MethodInvocationHelper.java:124)
at org.testng.internal.Invoker.invokeMethod(Invoker.java:583)
at org.testng.internal.Invoker.invokeTestMethod(Invoker.java:719)
at org.testng.internal.Invoker.invokeTestMethods(Invoker.java:989)
at org.testng.internal.TestMethodWorker.invokeTestMethods(TestMethodWorker.java:125)
at org.testng.internal.TestMethodWorker.run(TestMethodWorker.java:109)
at org.testng.TestRunner.privateRun(TestRunner.java:648)
at org.testng.TestRunner.run(TestRunner.java:505)
at org.testng.SuiteRunner.runTest(SuiteRunner.java:455)
at org.testng.SuiteRunner.runSequentially(SuiteRunner.java:450)
at org.testng.SuiteRunner.privateRun(SuiteRunner.java:415)
at org.testng.SuiteRunner.run(SuiteRunner.java:364)
at org.testng.SuiteRunnerWorker.runSuite(SuiteRunnerWorker.java:52)
at org.testng.SuiteRunnerWorker.run(SuiteRunnerWorker.java:84)
at org.testng.TestNG.runSuitesSequentially(TestNG.java:1208)
at org.testng.TestNG.runSuitesLocally(TestNG.java:1137)
at org.testng.TestNG.runSuites(TestNG.java:1049)
at org.testng.TestNG.run(TestNG.java:1017)
at org.testng.remote.AbstractRemoteTestNG.run(AbstractRemoteTestNG.java:114)
at org.testng.remote.RemoteTestNG.initAndRun(RemoteTestNG.java:251)
at org.testng.remote.RemoteTestNG.main(RemoteTestNG.java:77)
Caused by: java.lang.AssertionError: DUMP TRUCKS DE data's is not displayed correctly
at org.testng.Assert.fail(Assert.java:96)
at com.trimble.taf.pagefactory.application.CombinedScorecardPage.verifyDumptrucksTextdisplayed(CombinedScorecardPage.java:261)
at com.trimble.birst.tests.CombinedScorecardsteps.verifyDumptruckDatadisplayed(CombinedScorecardsteps.java:113)
at ✽.Then I verified DUMP TRUCKS DE data is displayed in the table(src/test/java/com/trimble/features/combinedScorecard.feature:46)
]]>
            </full-stacktrace>
          </exception> <!-- cucumber.runtime.CucumberException -->
          <reporter-output>
            <line>
              <![CDATA[My Spaces page is displayed correctly]]>
            </line>
            <line>
              <![CDATA[Driver safety page is displayed correctly]]>
            </line>
            <line>
              <![CDATA[Report exported successfully]]>
            </line>
            <line>
              <![CDATA[Driver Safety Color coded is displayed correctly]]>
            </line>
          </reporter-output>
        </test-method> <!-- feature -->
        <test-method status="PASS" signature="tear()[pri:0, instance:com.trimble.taf.suite.tests.base.TestRunner@58134517]" name="tear" is-config="true" duration-ms="825" started-at="2018-09-10T10:06:44Z" finished-at="2018-09-10T10:06:45Z">
          <reporter-output>
          </reporter-output>
        </test-method> <!-- tear -->
        <test-method status="PASS" signature="driversetUp()[pri:0, instance:com.trimble.taf.suite.tests.base.TestRunner@58134517]" name="driversetUp" is-config="true" duration-ms="5701" started-at="2018-09-10T10:06:45Z" finished-at="2018-09-10T10:06:50Z">
          <reporter-output>
          </reporter-output>
        </test-method> <!-- driversetUp -->
        <test-method status="PASS" signature="feature(cucumber.api.testng.CucumberFeatureWrapper)[pri:0, instance:com.trimble.taf.suite.tests.base.TestRunner@58134517]" name="feature" duration-ms="102245" started-at="2018-09-10T10:06:50Z" description="Runs Cucumber Feature" data-provider="features" finished-at="2018-09-10T10:08:33Z">
          <params>
            <param index="0">
              <value>
                <![CDATA[Common Tests]]>
              </value>
            </param>
          </params>
          <reporter-output>
            <line>
              <![CDATA[My Spaces page is displayed correctly]]>
            </line>
            <line>
              <![CDATA[Driver safety page is displayed correctly]]>
            </line>
            <line>
              <![CDATA[Last 30Days filter is displayed correctly]]>
            </line>
            <line>
              <![CDATA[Last 30Days Text filter is matched correctly]]>
            </line>
            <line>
              <![CDATA[Exective Console Page is displayed correctly]]>
            </line>
            <line>
              <![CDATA[Exective Console Page is displayed correctly]]>
            </line>
            <line>
              <![CDATA[Last 30Days filter is displayed correctly]]>
            </line>
            <line>
              <![CDATA[Start Date filter is displayed correctly]]>
            </line>
            <line>
              <![CDATA[End Date filter is displayed correctly]]>
            </line>
            <line>
              <![CDATA[Last 30Days filter is displayed correctly]]>
            </line>
            <line>
              <![CDATA[Start Date filter is displayed correctly]]>
            </line>
            <line>
              <![CDATA[End Date filter is displayed correctly]]>
            </line>
            <line>
              <![CDATA[Last 30Days filter is displayed correctly]]>
            </line>
            <line>
              <![CDATA[Start Date filter is displayed correctly]]>
            </line>
            <line>
              <![CDATA[End Date filter is displayed correctly]]>
            </line>
            <line>
              <![CDATA[Last 30Days filter is displayed correctly]]>
            </line>
            <line>
              <![CDATA[Start Date filter is displayed correctly]]>
            </line>
            <line>
              <![CDATA[End Date filter is displayed correctly]]>
            </line>
            <line>
              <![CDATA[Exective Console Page is displayed correctly]]>
            </line>
            <line>
              <![CDATA[Trimble logo & Banner is displayed correctly]]>
            </line>
            <line>
              <![CDATA[Trimble logo & Banner is displayed correctly]]>
            </line>
            <line>
              <![CDATA[Exective Console Page is displayed correctly]]>
            </line>
            <line>
              <![CDATA[Last 30Days filter is displayed correctly]]>
            </line>
            <line>
              <![CDATA[Start Date filter is displayed correctly]]>
            </line>
            <line>
              <![CDATA[End Date filter is displayed correctly]]>
            </line>
            <line>
              <![CDATA[Last 30Days Text filter is matched correctly]]>
            </line>
            <line>
              <![CDATA[Start Date text is displayed correctly]]>
            </line>
            <line>
              <![CDATA[END Date text is displayed correctly]]>
            </line>
          </reporter-output>
        </test-method> <!-- feature -->
        <test-method status="PASS" signature="tear()[pri:0, instance:com.trimble.taf.suite.tests.base.TestRunner@58134517]" name="tear" is-config="true" duration-ms="787" started-at="2018-09-10T10:08:33Z" finished-at="2018-09-10T10:08:33Z">
          <reporter-output>
          </reporter-output>
        </test-method> <!-- tear -->
        <test-method status="PASS" signature="driversetUp()[pri:0, instance:com.trimble.taf.suite.tests.base.TestRunner@58134517]" name="driversetUp" is-config="true" duration-ms="5765" started-at="2018-09-10T10:08:33Z" finished-at="2018-09-10T10:08:39Z">
          <reporter-output>
          </reporter-output>
        </test-method> <!-- driversetUp -->
        <test-method status="PASS" signature="feature(cucumber.api.testng.CucumberFeatureWrapper)[pri:0, instance:com.trimble.taf.suite.tests.base.TestRunner@58134517]" name="feature" duration-ms="85694" started-at="2018-09-10T10:08:39Z" description="Runs Cucumber Feature" data-provider="features" finished-at="2018-09-10T10:10:05Z">
          <params>
            <param index="0">
              <value>
                <![CDATA[Executive Console]]>
              </value>
            </param>
          </params>
          <reporter-output>
            <line>
              <![CDATA[My Spaces page is displayed correctly]]>
            </line>
            <line>
              <![CDATA[Driver safety page is displayed correctly]]>
            </line>
            <line>
              <![CDATA[Exective Console Page is displayed correctly]]>
            </line>
            <line>
              <![CDATA[Overallscore is displayed in ascending order correctly]]>
            </line>
            <line>
              <![CDATA[Exective Console Page is displayed correctly]]>
            </line>
            <line>
              <![CDATA[Default Organization Allen Myers is displayed correctly]]>
            </line>
            <line>
              <![CDATA[Exective Console Page is displayed correctly]]>
            </line>
            <line>
              <![CDATA[Exective Console Page is displayed correctly]]>
            </line>
            <line>
              <![CDATA[Exective Console Page is displayed correctly]]>
            </line>
            <line>
              <![CDATA[Exective Console Page is displayed correctly]]>
            </line>
            <line>
              <![CDATA[Exective Console Page is displayed correctly]]>
            </line>
            <line>
              <![CDATA[Exective Console Page is displayed correctly]]>
            </line>
            <line>
              <![CDATA[PDF is exported correctly]]>
            </line>
            <line>
              <![CDATA[PDF is exported correctly]]>
            </line>
          </reporter-output>
        </test-method> <!-- feature -->
        <test-method status="PASS" signature="tear()[pri:0, instance:com.trimble.taf.suite.tests.base.TestRunner@58134517]" name="tear" is-config="true" duration-ms="791" started-at="2018-09-10T10:10:05Z" finished-at="2018-09-10T10:10:06Z">
          <reporter-output>
          </reporter-output>
        </test-method> <!-- tear -->
        <test-method status="PASS" signature="driversetUp()[pri:0, instance:com.trimble.taf.suite.tests.base.TestRunner@58134517]" name="driversetUp" is-config="true" duration-ms="5650" started-at="2018-09-10T10:10:06Z" finished-at="2018-09-10T10:10:11Z">
          <reporter-output>
          </reporter-output>
        </test-method> <!-- driversetUp -->
        <test-method status="FAIL" signature="feature(cucumber.api.testng.CucumberFeatureWrapper)[pri:0, instance:com.trimble.taf.suite.tests.base.TestRunner@58134517]" name="feature" duration-ms="150409" started-at="2018-09-10T10:10:11Z" description="Runs Cucumber Feature" data-provider="features" finished-at="2018-09-10T10:12:42Z">
          <params>
            <param index="0">
              <value>
                <![CDATA[Individual Scorecard]]>
              </value>
            </param>
          </params>
          <exception class="cucumber.runtime.CucumberException">
            <message>
              <![CDATA[java.lang.AssertionError: Events Per kilometer is matched correctly expected [Events Per Kilometer] but found [Events Per Mile]]]>
            </message>
            <full-stacktrace>
              <![CDATA[cucumber.runtime.CucumberException: java.lang.AssertionError: Events Per kilometer is matched correctly expected [Events Per Kilometer] but found [Events Per Mile]
at cucumber.api.testng.TestNGCucumberRunner.runCucumber(TestNGCucumberRunner.java:69)
at com.trimble.taf.suite.tests.base.TestRunner.feature(TestRunner.java:78)
at sun.reflect.NativeMethodAccessorImpl.invoke0(Native Method)
at sun.reflect.NativeMethodAccessorImpl.invoke(NativeMethodAccessorImpl.java:62)
at sun.reflect.DelegatingMethodAccessorImpl.invoke(DelegatingMethodAccessorImpl.java:43)
at java.lang.reflect.Method.invoke(Method.java:498)
at org.testng.internal.MethodInvocationHelper.invokeMethod(MethodInvocationHelper.java:124)
at org.testng.internal.Invoker.invokeMethod(Invoker.java:583)
at org.testng.internal.Invoker.invokeTestMethod(Invoker.java:719)
at org.testng.internal.Invoker.invokeTestMethods(Invoker.java:989)
at org.testng.internal.TestMethodWorker.invokeTestMethods(TestMethodWorker.java:125)
at org.testng.internal.TestMethodWorker.run(TestMethodWorker.java:109)
at org.testng.TestRunner.privateRun(TestRunner.java:648)
at org.testng.TestRunner.run(TestRunner.java:505)
at org.testng.SuiteRunner.runTest(SuiteRunner.java:455)
at org.testng.SuiteRunner.runSequentially(SuiteRunner.java:450)
at org.testng.SuiteRunner.privateRun(SuiteRunner.java:415)
at org.testng.SuiteRunner.run(SuiteRunner.java:364)
at org.testng.SuiteRunnerWorker.runSuite(SuiteRunnerWorker.java:52)
at org.testng.SuiteRunnerWorker.run(SuiteRunnerWorker.java:84)
at org.testng.TestNG.runSuitesSequentially(TestNG.java:1208)
at org.testng.TestNG.runSuitesLocally(TestNG.java:1137)
at org.testng.TestNG.runSuites(TestNG.java:1049)
at org.testng.TestNG.run(TestNG.java:1017)
at org.testng.remote.AbstractRemoteTestNG.run(AbstractRemoteTestNG.java:114)
at org.testng.remote.RemoteTestNG.initAndRun(RemoteTestNG.java:251)
at org.testng.remote.RemoteTestNG.main(RemoteTestNG.java:77)
Caused by: java.lang.AssertionError: Events Per kilometer is matched correctly expected [Events Per Kilometer] but found [Events Per Mile]
at org.testng.Assert.fail(Assert.java:96)
at org.testng.Assert.failNotEquals(Assert.java:776)
at org.testng.Assert.assertEqualsImpl(Assert.java:137)
at org.testng.Assert.assertEquals(Assert.java:118)
at org.testng.Assert.assertEquals(Assert.java:453)
at com.trimble.birst.tests.IndividualSafetyScorecardsteps.verifyKilometerchanged(IndividualSafetyScorecardsteps.java:161)
at ✽.Then I verified Kilometer Text has been changed(src/test/java/com/trimble/features/individualScorecard.feature:56)
]]>
            </full-stacktrace>
          </exception> <!-- cucumber.runtime.CucumberException -->
          <reporter-output>
            <line>
              <![CDATA[My Spaces page is displayed correctly]]>
            </line>
            <line>
              <![CDATA[Driver safety page is displayed correctly]]>
            </line>
            <line>
              <![CDATA[Individual Scorecard page is displayed correctly]]>
            </line>
            <line>
              <![CDATA[Driver name in Executive console and Individual scorecard matches]]>
            </line>
            <line>
              <![CDATA[Last 30Days Text filter is matched correctly]]>
            </line>
            <line>
              <![CDATA[Start Date text is displayed correctly]]>
            </line>
            <line>
              <![CDATA[END Date text is displayed correctly]]>
            </line>
            <line>
              <![CDATA[Overall Score displayed dashlet is correctly]]>
            </line>
            <line>
              <![CDATA[Total distance KPI value is matched correctly]]>
            </line>
            <line>
              <![CDATA[Idling Duration value is matched correctly]]>
            </line>
            <line>
              <![CDATA[PDF is exported correctly]]>
            </line>
            <line>
              <![CDATA[PDF is exported correctly]]>
            </line>
          </reporter-output>
        </test-method> <!-- feature -->
        <test-method status="PASS" signature="tear()[pri:0, instance:com.trimble.taf.suite.tests.base.TestRunner@58134517]" name="tear" is-config="true" duration-ms="818" started-at="2018-09-10T10:12:42Z" finished-at="2018-09-10T10:12:43Z">
          <reporter-output>
          </reporter-output>
        </test-method> <!-- tear -->
        <test-method status="PASS" signature="driversetUp()[pri:0, instance:com.trimble.taf.suite.tests.base.TestRunner@58134517]" name="driversetUp" is-config="true" duration-ms="5735" started-at="2018-09-10T10:12:43Z" finished-at="2018-09-10T10:12:48Z">
          <reporter-output>
          </reporter-output>
        </test-method> <!-- driversetUp -->
        <test-method status="PASS" signature="feature(cucumber.api.testng.CucumberFeatureWrapper)[pri:0, instance:com.trimble.taf.suite.tests.base.TestRunner@58134517]" name="feature" duration-ms="131507" started-at="2018-09-10T10:12:48Z" description="Runs Cucumber Feature" data-provider="features" finished-at="2018-09-10T10:15:00Z">
          <params>
            <param index="0">
              <value>
                <![CDATA[Seperated Scorecard Report]]>
              </value>
            </param>
          </params>
          <reporter-output>
            <line>
              <![CDATA[My Spaces page is displayed correctly]]>
            </line>
            <line>
              <![CDATA[Driver safety page is displayed correctly]]>
            </line>
            <line>
              <![CDATA[Report exported successfully]]>
            </line>
            <line>
              <![CDATA[Default Seperate Scorecard Group Name is DOVER]]>
            </line>
            <line>
              <![CDATA[Driver Safety Color coded is displayed correctly]]>
            </line>
          </reporter-output>
        </test-method> <!-- feature -->
        <test-method status="PASS" signature="tear()[pri:0, instance:com.trimble.taf.suite.tests.base.TestRunner@58134517]" name="tear" is-config="true" duration-ms="738" started-at="2018-09-10T10:15:00Z" finished-at="2018-09-10T10:15:00Z">
          <reporter-output>
          </reporter-output>
        </test-method> <!-- tear -->
        <test-method status="PASS" signature="driversetUp()[pri:0, instance:com.trimble.taf.suite.tests.base.TestRunner@58134517]" name="driversetUp" is-config="true" duration-ms="6034" started-at="2018-09-10T10:15:00Z" finished-at="2018-09-10T10:15:07Z">
          <reporter-output>
          </reporter-output>
        </test-method> <!-- driversetUp -->
        <test-method status="PASS" signature="feature(cucumber.api.testng.CucumberFeatureWrapper)[pri:0, instance:com.trimble.taf.suite.tests.base.TestRunner@58134517]" name="feature" duration-ms="84501" started-at="2018-09-10T10:15:07Z" description="Runs Cucumber Feature" data-provider="features" finished-at="2018-09-10T10:16:31Z">
          <params>
            <param index="0">
              <value>
                <![CDATA[Supervisor Console Report]]>
              </value>
            </param>
          </params>
          <reporter-output>
            <line>
              <![CDATA[My Spaces page is displayed correctly]]>
            </line>
            <line>
              <![CDATA[Driver safety page is displayed correctly]]>
            </line>
            <line>
              <![CDATA[Supervisor Console successfully opened]]>
            </line>
            <line>
              <![CDATA[Overallscore is displayed in ascending order correctly]]>
            </line>
          </reporter-output>
        </test-method> <!-- feature -->
        <test-method status="PASS" signature="tear()[pri:0, instance:com.trimble.taf.suite.tests.base.TestRunner@58134517]" name="tear" is-config="true" duration-ms="821" started-at="2018-09-10T10:16:31Z" finished-at="2018-09-10T10:16:32Z">
          <reporter-output>
          </reporter-output>
        </test-method> <!-- tear -->
        <test-method status="PASS" signature="tearDownClass()[pri:0, instance:com.trimble.taf.suite.tests.base.TestRunner@58134517]" name="tearDownClass" is-config="true" duration-ms="403" started-at="2018-09-10T10:16:32Z" finished-at="2018-09-10T10:16:32Z">
          <reporter-output>
          </reporter-output>
        </test-method> <!-- tearDownClass -->
      </class> <!-- com.trimble.taf.suite.tests.base.TestRunner -->
    </test> <!-- Login Test Birst -->
  </suite> <!-- Functional Testing -->
</testng-results>
